2021-06-14 18:31:01:root:CREATE USER oke IDENTIFIED BY ri123;
2021-06-14 18:31:26:root:USE auth;
2021-06-14 18:32:13:root:CREATE USER riz123 IDENTIFIED BY 123;
2021-06-14 18:32:34:root:USE auth;
2021-06-14 18:45:41:root:CREATE
2021-06-14 18:45:54:root:USE
2021-06-14 18:50:11:root:CREATE USER okes
2021-06-14 18:51:48:root:CREATE USER yoben
2021-06-14 18:52:55:root:CREATE USER yoben
2021-06-14 18:52:55:root:CREATE USER yoben
2021-06-14 18:53:09:root:CREATE USER oke
2021-06-14 18:53:57:root:CREATE USER jd
2021-06-14 18:55:36:root:CREATE USER oke IDENTIFIED BY yowsben;
2021-06-14 18:55:48:root:USE auth;
2021-06-14 18:56:08:root:USE ah;
2021-06-14 18:56:39:root:USE auth;
2021-06-14 18:57:08:root:USE
2021-06-14 18:57:17:root:USE db;
2021-06-14 18:59:17:root:USE auth;
2021-06-14 18:59:31:root:GRANT PERMISSION rizqi INTO auth;
2021-06-14 19:02:51:root:USE auth;
2021-06-14 19:03:02:root:USE auh;
2021-06-14 19:03:29:root:CREATE USER oke IDENTIFIED BY yoi;
2021-06-14 19:03:37:root:CREATE USER yes IDENTIFIED BY bye123;
2021-06-14 19:03:54:root:USE auth;
2021-06-14 19:04:52:root:CREATE USER hore IDENTIFIED BY yes;
2021-06-14 19:04:59:root:USE auth;
2021-06-14 19:05:41:root:GRANT PERMISSION rizqi INTO auth;
2021-06-14 19:22:26:root:GRANT PERMISSION rizqi INTO db;
2021-06-14 19:22:50:root:USE auth;
2021-06-14 19:23:13:root:USE auth;
2021-06-14 19:23:53:root:GRANT PERMISSION auth INTO rizqi;
2021-06-14 19:24:02:root:USE auth;
2021-06-14 19:24:03:root:USE
2021-06-14 20:21:54:root:CREATE DATABASE dir;
2021-06-14 20:23:08:root:CREATE
2021-06-14 20:23:08:root:CREATE
2021-06-14 20:23:18:root:CREATE DATABASE oke;
2021-06-14 20:23:34:root:CREATE
2021-06-14 20:23:34:root:CREATE
2021-06-14 20:23:44:root:CREATE DATABASE yups;
2021-06-14 20:48:04:root:DROP DATABASE Database;
2021-06-14 20:50:23:root:DROP DATABASE databases;
2021-06-14 20:51:41:root:DROP DATABASE databases;
2021-06-14 20:57:57:root:DROP DATABASE db2;
2021-06-14 20:58:22:root:DROP DATABASE DATABASE;
2021-06-14 21:00:29:root:DROP DATABASE dbc;
2021-06-14 21:01:04:root:DROP DATABASE dbc;
2021-06-14 21:01:46:root:DROP DATABASE dbc;
2021-06-14 21:04:47:root:DROP DATABASE dbc;
2021-06-14 21:10:00:root:DROP DATABASE okess;
2021-06-14 21:10:45:root:DROP DATABASE oke;
2021-06-14 21:13:22:root:DROP DATABASE oke;
2021-06-14 21:13:55:root:DROP DATABASE dbc;
2021-06-14 21:14:19:root:DROP DATABASE Dbc;
2021-06-14 21:15:44:root:DROP DATABASE dbc;
2021-06-14 21:15:57:root:DROP DATABASE dbx;
2021-06-14 21:17:45:root:DROP DATABASE yuhi;
2021-06-14 21:18:21:root:DROP DATABASE okess;
2021-06-14 21:20:13:root:DROP DATABASE okess;
2021-06-14 21:20:24:root:DROP DATABASE mbuhh;
2021-06-14 21:20:42:root:DROP DATABASE yups;
2021-06-14 21:20:51:root:DROP DATABASE db2;